Determining if the function crc32c_value exists in the crc32c failed with the following output:
Change Dir: /home/jack/RD/code/git_push/leveldbS/build/CMakeFiles/CMakeTmp

Run Build Command:"/usr/bin/make" "cmTC_cc00e/fast"
/usr/bin/make -f CMakeFiles/cmTC_cc00e.dir/build.make CMakeFiles/cmTC_cc00e.dir/build
make[1]: Entering directory '/home/jack/RD/code/git_push/leveldbS/build/CMakeFiles/CMakeTmp'
Building C object CMakeFiles/cmTC_cc00e.dir/CheckFunctionExists.c.o
/usr/bin/cc   -DCHECK_FUNCTION_EXISTS=crc32c_value   -std=c11 -o CMakeFiles/cmTC_cc00e.dir/CheckFunctionExists.c.o   -c /usr/share/cmake-3.10/Modules/CheckFunctionExists.c
Linking C executable cmTC_cc00e
/usr/bin/cmake -E cmake_link_script CMakeFiles/cmTC_cc00e.dir/link.txt --verbose=1
/usr/bin/cc  -DCHECK_FUNCTION_EXISTS=crc32c_value    CMakeFiles/cmTC_cc00e.dir/CheckFunctionExists.c.o  -o cmTC_cc00e -lcrc32c 
/usr/bin/ld: cannot find -lcrc32c
collect2: error: ld returned 1 exit status
CMakeFiles/cmTC_cc00e.dir/build.make:97: recipe for target 'cmTC_cc00e' failed
make[1]: *** [cmTC_cc00e] Error 1
make[1]: Leaving directory '/home/jack/RD/code/git_push/leveldbS/build/CMakeFiles/CMakeTmp'
Makefile:126: recipe for target 'cmTC_cc00e/fast' failed
make: *** [cmTC_cc00e/fast] Error 2


Determining if the function snappy_compress exists in the snappy failed with the following output:
Change Dir: /home/jack/RD/code/git_push/leveldbS/build/CMakeFiles/CMakeTmp

Run Build Command:"/usr/bin/make" "cmTC_7a608/fast"
/usr/bin/make -f CMakeFiles/cmTC_7a608.dir/build.make CMakeFiles/cmTC_7a608.dir/build
make[1]: Entering directory '/home/jack/RD/code/git_push/leveldbS/build/CMakeFiles/CMakeTmp'
Building C object CMakeFiles/cmTC_7a608.dir/CheckFunctionExists.c.o
/usr/bin/cc   -DCHECK_FUNCTION_EXISTS=snappy_compress   -std=c11 -o CMakeFiles/cmTC_7a608.dir/CheckFunctionExists.c.o   -c /usr/share/cmake-3.10/Modules/CheckFunctionExists.c
Linking C executable cmTC_7a608
/usr/bin/cmake -E cmake_link_script CMakeFiles/cmTC_7a608.dir/link.txt --verbose=1
/usr/bin/cc  -DCHECK_FUNCTION_EXISTS=snappy_compress    CMakeFiles/cmTC_7a608.dir/CheckFunctionExists.c.o  -o cmTC_7a608 -lsnappy 
/usr/bin/ld: cannot find -lsnappy
collect2: error: ld returned 1 exit status
CMakeFiles/cmTC_7a608.dir/build.make:97: recipe for target 'cmTC_7a608' failed
make[1]: *** [cmTC_7a608] Error 1
make[1]: Leaving directory '/home/jack/RD/code/git_push/leveldbS/build/CMakeFiles/CMakeTmp'
Makefile:126: recipe for target 'cmTC_7a608/fast' failed
make: *** [cmTC_7a608/fast] Error 2


Determining if the function malloc exists in the tcmalloc failed with the following output:
Change Dir: /home/jack/RD/code/git_push/leveldbS/build/CMakeFiles/CMakeTmp

Run Build Command:"/usr/bin/make" "cmTC_5c376/fast"
/usr/bin/make -f CMakeFiles/cmTC_5c376.dir/build.make CMakeFiles/cmTC_5c376.dir/build
make[1]: Entering directory '/home/jack/RD/code/git_push/leveldbS/build/CMakeFiles/CMakeTmp'
Building C object CMakeFiles/cmTC_5c376.dir/CheckFunctionExists.c.o
/usr/bin/cc   -DCHECK_FUNCTION_EXISTS=malloc   -std=c11 -o CMakeFiles/cmTC_5c376.dir/CheckFunctionExists.c.o   -c /usr/share/cmake-3.10/Modules/CheckFunctionExists.c
<command-line>:0:23: warning: conflicting types for built-in function ‘malloc’ [-Wbuiltin-declaration-mismatch]
/usr/share/cmake-3.10/Modules/CheckFunctionExists.c:7:3: note: in expansion of macro ‘CHECK_FUNCTION_EXISTS’
   CHECK_FUNCTION_EXISTS(void);
   ^~~~~~~~~~~~~~~~~~~~~
Linking C executable cmTC_5c376
/usr/bin/cmake -E cmake_link_script CMakeFiles/cmTC_5c376.dir/link.txt --verbose=1
/usr/bin/cc  -DCHECK_FUNCTION_EXISTS=malloc    CMakeFiles/cmTC_5c376.dir/CheckFunctionExists.c.o  -o cmTC_5c376 -ltcmalloc 
/usr/bin/ld: cannot find -ltcmalloc
collect2: error: ld returned 1 exit status
CMakeFiles/cmTC_5c376.dir/build.make:97: recipe for target 'cmTC_5c376' failed
make[1]: *** [cmTC_5c376] Error 1
make[1]: Leaving directory '/home/jack/RD/code/git_push/leveldbS/build/CMakeFiles/CMakeTmp'
Makefile:126: recipe for target 'cmTC_5c376/fast' failed
make: *** [cmTC_5c376/fast] Error 2


Determining if the fdatasync exist failed with the following output:
Change Dir: /home/jack/RD/code/git_push/leveldbS/build/CMakeFiles/CMakeTmp

Run Build Command:"/usr/bin/make" "cmTC_1a923/fast"
/usr/bin/make -f CMakeFiles/cmTC_1a923.dir/build.make CMakeFiles/cmTC_1a923.dir/build
make[1]: Entering directory '/home/jack/RD/code/git_push/leveldbS/build/CMakeFiles/CMakeTmp'
Building C object CMakeFiles/cmTC_1a923.dir/CheckSymbolExists.c.o
/usr/bin/cc   -std=c11 -o CMakeFiles/cmTC_1a923.dir/CheckSymbolExists.c.o   -c /home/jack/RD/code/git_push/leveldbS/build/CMakeFiles/CMakeTmp/CheckSymbolExists.c
/home/jack/RD/code/git_push/leveldbS/build/CMakeFiles/CMakeTmp/CheckSymbolExists.c: In function ‘main’:
/home/jack/RD/code/git_push/leveldbS/build/CMakeFiles/CMakeTmp/CheckSymbolExists.c:8:19: error: ‘fdatasync’ undeclared (first use in this function); did you mean ‘fsync’?
   return ((int*)(&fdatasync))[argc];
                   ^~~~~~~~~
                   fsync
/home/jack/RD/code/git_push/leveldbS/build/CMakeFiles/CMakeTmp/CheckSymbolExists.c:8:19: note: each undeclared identifier is reported only once for each function it appears in
CMakeFiles/cmTC_1a923.dir/build.make:65: recipe for target 'CMakeFiles/cmTC_1a923.dir/CheckSymbolExists.c.o' failed
make[1]: *** [CMakeFiles/cmTC_1a923.dir/CheckSymbolExists.c.o] Error 1
make[1]: Leaving directory '/home/jack/RD/code/git_push/leveldbS/build/CMakeFiles/CMakeTmp'
Makefile:126: recipe for target 'cmTC_1a923/fast' failed
make: *** [cmTC_1a923/fast] Error 2

File /home/jack/RD/code/git_push/leveldbS/build/CMakeFiles/CMakeTmp/CheckSymbolExists.c:
/* */
#include <unistd.h>

int main(int argc, char** argv)
{
  (void)argv;
#ifndef fdatasync
  return ((int*)(&fdatasync))[argc];
#else
  (void)argc;
  return 0;
#endif
}

Performing C++ SOURCE FILE Test HAVE_CLANG_THREAD_SAFETY failed with the following output:
Change Dir: /home/jack/RD/code/git_push/leveldbS/build/CMakeFiles/CMakeTmp

Run Build Command:"/usr/bin/make" "cmTC_cb3bd/fast"
/usr/bin/make -f CMakeFiles/cmTC_cb3bd.dir/build.make CMakeFiles/cmTC_cb3bd.dir/build
make[1]: Entering directory '/home/jack/RD/code/git_push/leveldbS/build/CMakeFiles/CMakeTmp'
Building CXX object CMakeFiles/cmTC_cb3bd.dir/src.cxx.o
/usr/bin/c++    -DHAVE_CLANG_THREAD_SAFETY -Werror   -std=c++11 -o CMakeFiles/cmTC_cb3bd.dir/src.cxx.o -c /home/jack/RD/code/git_push/leveldbS/build/CMakeFiles/CMakeTmp/src.cxx
/home/jack/RD/code/git_push/leveldbS/build/CMakeFiles/CMakeTmp/src.cxx:2:34: error: ‘lockable’ attribute directive ignored [-Werror=attributes]
 struct __attribute__((lockable)) Lock {
                                  ^~~~
/home/jack/RD/code/git_push/leveldbS/build/CMakeFiles/CMakeTmp/src.cxx:3:59: error: ‘exclusive_lock_function’ attribute directive ignored [-Werror=attributes]
   void Acquire() __attribute__((exclusive_lock_function()));
                                                           ^
/home/jack/RD/code/git_push/leveldbS/build/CMakeFiles/CMakeTmp/src.cxx:4:51: error: ‘unlock_function’ attribute directive ignored [-Werror=attributes]
   void Release() __attribute__((unlock_function()));
                                                   ^
/home/jack/RD/code/git_push/leveldbS/build/CMakeFiles/CMakeTmp/src.cxx:8:46: error: ‘guarded_by’ attribute directive ignored [-Werror=attributes]
   int data_ __attribute__((guarded_by(lock_)));
                                              ^
cc1plus: all warnings being treated as errors
CMakeFiles/cmTC_cb3bd.dir/build.make:65: recipe for target 'CMakeFiles/cmTC_cb3bd.dir/src.cxx.o' failed
make[1]: *** [CMakeFiles/cmTC_cb3bd.dir/src.cxx.o] Error 1
make[1]: Leaving directory '/home/jack/RD/code/git_push/leveldbS/build/CMakeFiles/CMakeTmp'
Makefile:126: recipe for target 'cmTC_cb3bd/fast' failed
make: *** [cmTC_cb3bd/fast] Error 2

Source file was:

struct __attribute__((lockable)) Lock {
  void Acquire() __attribute__((exclusive_lock_function()));
  void Release() __attribute__((unlock_function()));
};
struct ThreadSafeType {
  Lock lock_;
  int data_ __attribute__((guarded_by(lock_)));
};
int main() { return 0; }

